<?xml version="1.0" encoding="UTF-8"?>
<testng-results ignored="0" total="1" passed="1" failed="0" skipped="0">
  <reporter-output>
  </reporter-output>
  <suite started-at="2023-10-06T11:13:21 EDT" name="DS_Algo_Suite" finished-at="2023-10-06T11:13:26 EDT" duration-ms="5741">
    <groups>
      <group name="cucumber">
        <method signature="AbstractTestNGCucumberTests.runScenario(io.cucumber.testng.PickleWrapper,io.cucumber.testng.FeatureWrapper)[pri:0, instance:runner.TestngTestRunner@7fd7a283]" name="runScenario" class="io.cucumber.testng.AbstractTestNGCucumberTests"/>
      </group> <!-- cucumber -->
    </groups>
    <test started-at="2023-10-06T11:13:21 EDT" name="Test" finished-at="2023-10-06T11:13:26 EDT" duration-ms="5741">
      <class name="runner.TestngTestRunner">
        <test-method is-config="true" signature="setUpClass(org.testng.ITestContext)[pri:0, instance:runner.TestngTestRunner@7fd7a283]" started-at="2023-10-06T11:13:21 EDT" name="setUpClass" finished-at="2023-10-06T11:13:21 EDT" duration-ms="363" status="PASS">
          <params>
            <param index="0">
              <value>
                <![CDATA[org.testng.TestRunner@39a7eca5]]>
              </value>
            </param>
          </params>
          <reporter-output>
          </reporter-output>
        </test-method> <!-- setUpClass -->
        <test-method signature="runScenario(io.cucumber.testng.PickleWrapper,io.cucumber.testng.FeatureWrapper)[pri:0, instance:runner.TestngTestRunner@7fd7a283]" started-at="2023-10-06T11:13:21 EDT" name="runScenario" description="Runs Cucumber Scenarios" data-provider="scenarios" finished-at="2023-10-06T11:13:26 EDT" duration-ms="5259" status="PASS">
          <params>
            <param index="0">
              <value>
                <![CDATA["Verifying DataStructure textbox editor with valid Python code"]]>
              </value>
            </param>
            <param index="1">
              <value>
                <![CDATA["Automating data structure introduction page"]]>
              </value>
            </param>
          </params>
          <reporter-output>
          </reporter-output>
        </test-method> <!-- runScenario -->
        <test-method is-config="true" signature="tearDownClass()[pri:0, instance:runner.TestngTestRunner@7fd7a283]" started-at="2023-10-06T11:13:26 EDT" name="tearDownClass" finished-at="2023-10-06T11:13:26 EDT" duration-ms="47" status="PASS">
          <reporter-output>
          </reporter-output>
        </test-method> <!-- tearDownClass -->
      </class> <!-- runner.TestngTestRunner -->
    </test> <!-- Test -->
  </suite> <!-- DS_Algo_Suite -->
</testng-results>
